# JRE version: OpenJDK Runtime Environment (8.0_112-b06) (build 1.8.0_112-release-b06)
# Java VM: OpenJDK 64-Bit Server VM (25.112-b06 mixed mode bsd-amd64 compressed oops)
Heap:
 PSYoungGen      total 235520K, used 214628K [0x00000007a0000000, 0x00000007b3980000, 0x00000007c0000000)
  eden space 199680K, 100% used [0x00000007a0000000,0x00000007ac300000,0x00000007ac300000)
  from space 35840K, 41% used [0x00000007ac300000,0x00000007ad199200,0x00000007ae600000)
  to   space 34816K, 80% used [0x00000007b1780000,0x00000007b32f3c28,0x00000007b3980000)
 ParOldGen       total 146432K, used 69399K [0x0000000760000000, 0x0000000768f00000, 0x00000007a0000000)
  object space 146432K, 47% used [0x0000000760000000,0x00000007643c5c60,0x0000000768f00000)
 Metaspace       used 78824K, capacity 83392K, committed 83584K, reserved 1122304K
  class space    used 10019K, capacity 10764K, committed 10880K, reserved 1048576K
GC Heap History (10 events):
Event: 803.400 GC heap after
Heap after GC invocations=24 (full 3):
 PSYoungGen      total 238080K, used 25614K [0x00000007a0000000, 0x00000007b2000000, 0x00000007c0000000)
  eden space 211968K, 0% used [0x00000007a0000000,0x00000007a0000000,0x00000007acf00000)
  from space 26112K, 98% used [0x00000007af000000,0x00000007b09039d8,0x00000007b0980000)
  to   space 23040K, 0% used [0x00000007b0980000,0x00000007b0980000,0x00000007b2000000)
 ParOldGen       total 146432K, used 48377K [0x0000000760000000, 0x0000000768f00000, 0x00000007a0000000)
  object space 146432K, 33% used [0x0000000760000000,0x0000000762f3e6c8,0x0000000768f00000)
 Metaspace       used 67766K, capacity 71700K, committed 71936K, reserved 1112064K
  class space    used 8804K, capacity 9467K, committed 9472K, reserved 1048576K
}
Event: 1079.166 GC heap before
{Heap before GC invocations=25 (full 3):
 PSYoungGen      total 238080K, used 237582K [0x00000007a0000000, 0x00000007b2000000, 0x00000007c0000000)
  eden space 211968K, 100% used [0x00000007a0000000,0x00000007acf00000,0x00000007acf00000)
  from space 26112K, 98% used [0x00000007af000000,0x00000007b09039d8,0x00000007b0980000)
  to   space 23040K, 0% used [0x00000007b0980000,0x00000007b0980000,0x00000007b2000000)
 ParOldGen       total 146432K, used 48377K [0x0000000760000000, 0x0000000768f00000, 0x00000007a0000000)
  object space 146432K, 33% used [0x0000000760000000,0x0000000762f3e6c8,0x0000000768f00000)
 Metaspace       used 68078K, capacity 72200K, committed 72320K, reserved 1112064K
  class space    used 8833K, capacity 9505K, committed 9600K, reserved 1048576K
Event: 1079.210 GC heap after
Heap after GC invocations=25 (full 3):
 PSYoungGen      total 227840K, used 23038K [0x00000007a0000000, 0x00000007b2000000, 0x00000007c0000000)
  eden space 204800K, 0% used [0x00000007a0000000,0x00000007a0000000,0x00000007ac800000)
  from space 23040K, 99% used [0x00000007b0980000,0x00000007b1fff9c8,0x00000007b2000000)
  to   space 38400K, 0% used [0x00000007ad500000,0x00000007ad500000,0x00000007afa80000)
 ParOldGen       total 146432K, used 49985K [0x0000000760000000, 0x0000000768f00000, 0x00000007a0000000)
  object space 146432K, 34% used [0x0000000760000000,0x00000007630d0748,0x0000000768f00000)
 Metaspace       used 68078K, capacity 72200K, committed 72320K, reserved 1112064K
  class space    used 8833K, capacity 9505K, committed 9600K, reserved 1048576K
}
Event: 1085.382 GC heap before
{Heap before GC invocations=26 (full 3):
 PSYoungGen      total 227840K, used 227838K [0x00000007a0000000, 0x00000007b2000000, 0x00000007c0000000)
  eden space 204800K, 100% used [0x00000007a0000000,0x00000007ac800000,0x00000007ac800000)
  from space 23040K, 99% used [0x00000007b0980000,0x00000007b1fff9c8,0x00000007b2000000)
  to   space 38400K, 0% used [0x00000007ad500000,0x00000007ad500000,0x00000007afa80000)
 ParOldGen       total 146432K, used 49985K [0x0000000760000000, 0x0000000768f00000, 0x00000007a0000000)
  object space 146432K, 34% used [0x0000000760000000,0x00000007630d0748,0x0000000768f00000)
 Metaspace       used 74353K, capacity 78586K, committed 78720K, reserved 1118208K
  class space    used 9541K, capacity 10272K, committed 10368K, reserved 1048576K
Event: 1085.466 GC heap after
Heap after GC invocations=26 (full 3):
 PSYoungGen      total 212992K, used 14467K [0x00000007a0000000, 0x00000007b0a80000, 0x00000007c0000000)
  eden space 198144K, 0% used [0x00000007a0000000,0x00000007a0000000,0x00000007ac180000)
  from space 14848K, 97% used [0x00000007ad500000,0x00000007ae320fa8,0x00000007ae380000)
  to   space 37376K, 0% used [0x00000007ae600000,0x00000007ae600000,0x00000007b0a80000)
 ParOldGen       total 146432K, used 68403K [0x0000000760000000, 0x0000000768f00000, 0x00000007a0000000)
  object space 146432K, 46% used [0x0000000760000000,0x00000007642ccc20,0x0000000768f00000)
 Metaspace       used 74353K, capacity 78586K, committed 78720K, reserved 1118208K
  class space    used 9541K, capacity 10272K, committed 10368K, reserved 1048576K
}
Event: 1086.274 GC heap before
{Heap before GC invocations=27 (full 3):
 PSYoungGen      total 212992K, used 212573K [0x00000007a0000000, 0x00000007b0a80000, 0x00000007c0000000)
  eden space 198144K, 99% used [0x00000007a0000000,0x00000007ac1767e8,0x00000007ac180000)
  from space 14848K, 97% used [0x00000007ad500000,0x00000007ae320fa8,0x00000007ae380000)
  to   space 37376K, 0% used [0x00000007ae600000,0x00000007ae600000,0x00000007b0a80000)
 ParOldGen       total 146432K, used 68403K [0x0000000760000000, 0x0000000768f00000, 0x00000007a0000000)
  object space 146432K, 46% used [0x0000000760000000,0x00000007642ccc20,0x0000000768f00000)
 Metaspace       used 75300K, capacity 79670K, committed 79872K, reserved 1118208K
  class space    used 9672K, capacity 10392K, committed 10496K, reserved 1048576K
Event: 1086.289 GC heap after
Heap after GC invocations=27 (full 3):
 PSYoungGen      total 237056K, used 15948K [0x00000007a0000000, 0x00000007b2400000, 0x00000007c0000000)
  eden space 199680K, 0% used [0x00000007a0000000,0x00000007a0000000,0x00000007ac300000)
  from space 37376K, 42% used [0x00000007ae600000,0x00000007af593008,0x00000007b0a80000)
  to   space 35840K, 0% used [0x00000007ac300000,0x00000007ac300000,0x00000007ae600000)
 ParOldGen       total 146432K, used 68411K [0x0000000760000000, 0x0000000768f00000, 0x00000007a0000000)
  object space 146432K, 46% used [0x0000000760000000,0x00000007642cec20,0x0000000768f00000)
 Metaspace       used 75300K, capacity 79670K, committed 79872K, reserved 1118208K
  class space    used 9672K, capacity 10392K, committed 10496K, reserved 1048576K
}
Event: 1086.336 GC heap before
{Heap before GC invocations=28 (full 3):
 PSYoungGen      total 237056K, used 215500K [0x00000007a0000000, 0x00000007b2400000, 0x00000007c0000000)
  eden space 199680K, 99% used [0x00000007a0000000,0x00000007ac2e0080,0x00000007ac300000)
  from space 37376K, 42% used [0x00000007ae600000,0x00000007af593008,0x00000007b0a80000)
  to   space 35840K, 0% used [0x00000007ac300000,0x00000007ac300000,0x00000007ae600000)
 ParOldGen       total 146432K, used 68411K [0x0000000760000000, 0x0000000768f00000, 0x00000007a0000000)
  object space 146432K, 46% used [0x0000000760000000,0x00000007642cec20,0x0000000768f00000)
 Metaspace       used 75307K, capacity 79670K, committed 79872K, reserved 1118208K
  class space    used 9672K, capacity 10392K, committed 10496K, reserved 1048576K
Event: 1086.364 GC heap after
Heap after GC invocations=28 (full 3):
 PSYoungGen      total 235520K, used 14948K [0x00000007a0000000, 0x00000007b3980000, 0x00000007c0000000)
  eden space 199680K, 0% used [0x00000007a0000000,0x00000007a0000000,0x00000007ac300000)
  from space 35840K, 41% used [0x00000007ac300000,0x00000007ad199200,0x00000007ae600000)
  to   space 34816K, 0% used [0x00000007b1780000,0x00000007b1780000,0x00000007b3980000)
 ParOldGen       total 146432K, used 68419K [0x0000000760000000, 0x0000000768f00000, 0x00000007a0000000)
  object space 146432K, 46% used [0x0000000760000000,0x00000007642d0c20,0x0000000768f00000)
 Metaspace       used 75307K, capacity 79670K, committed 79872K, reserved 1118208K
  class space    used 9672K, capacity 10392K, committed 10496K, reserved 1048576K
}
Event: 1089.597 GC heap before
{Heap before GC invocations=29 (full 3):
 PSYoungGen      total 235520K, used 214628K [0x00000007a0000000, 0x00000007b3980000, 0x00000007c0000000)
  eden space 199680K, 100% used [0x00000007a0000000,0x00000007ac300000,0x00000007ac300000)
  from space 35840K, 41% used [0x00000007ac300000,0x00000007ad199200,0x00000007ae600000)
  to   space 34816K, 0% used [0x00000007b1780000,0x00000007b1780000,0x00000007b3980000)
 ParOldGen       total 146432K, used 68419K [0x0000000760000000, 0x0000000768f00000, 0x00000007a0000000)
  object space 146432K, 46% used [0x0000000760000000,0x00000007642d0c20,0x0000000768f00000)
 Metaspace       used 78824K, capacity 83392K, committed 83584K, reserved 1122304K
  class space    used 10019K, capacity 10764K, committed 10880K, reserved 1048576K

