# JRE version: OpenJDK Runtime Environment (8.0_152-b08) (build 1.8.0_152-release-915-b08)
# Java VM: OpenJDK 64-Bit Server VM (25.152-b08 mixed mode bsd-amd64 compressed oops)
Heap:
 PSYoungGen      total 447488K, used 264618K [0x00000007a0000000, 0x00000007bfb00000, 0x00000007c0000000)
  eden space 376832K, 66% used [0x00000007a0000000,0x00000007af322738,0x00000007b7000000)
  from space 70656K, 22% used [0x00000007bb600000,0x00000007bc5481e0,0x00000007bfb00000)
  to   space 71168K, 0% used [0x00000007b7000000,0x00000007b7000000,0x00000007bb580000)
 ParOldGen       total 183296K, used 121083K [0x0000000760000000, 0x000000076b300000, 0x00000007a0000000)
  object space 183296K, 66% used [0x0000000760000000,0x000000076763efb8,0x000000076b300000)
 Metaspace       used 85866K, capacity 90046K, committed 90200K, reserved 1128448K
  class space    used 10871K, capacity 11818K, committed 11904K, reserved 1048576K
GC Heap History (10 events):
Event: 579.858 GC heap before
{Heap before GC invocations=27 (full 3):
 PSYoungGen      total 354816K, used 324901K [0x00000007a0000000, 0x00000007bec00000, 0x00000007c0000000)
  eden space 274944K, 100% used [0x00000007a0000000,0x00000007b0c80000,0x00000007b0c80000)
  from space 79872K, 62% used [0x00000007b0c80000,0x00000007b3d495e8,0x00000007b5a80000)
  to   space 81408K, 0% used [0x00000007b9c80000,0x00000007b9c80000,0x00000007bec00000)
 ParOldGen       total 183296K, used 96171K [0x0000000760000000, 0x000000076b300000, 0x00000007a0000000)
  object space 183296K, 52% used [0x0000000760000000,0x0000000765deafb0,0x000000076b300000)
 Metaspace       used 83352K, capacity 87394K, committed 87640K, reserved 1126400K
  class space    used 10567K, capacity 11526K, committed 11648K, reserved 1048576K
Event: 580.031 GC heap after
Heap after GC invocations=27 (full 3):
 PSYoungGen      total 412160K, used 37974K [0x00000007a0000000, 0x00000007be380000, 0x00000007c0000000)
  eden space 339456K, 0% used [0x00000007a0000000,0x00000007a0000000,0x00000007b4b80000)
  from space 72704K, 52% used [0x00000007b9c80000,0x00000007bc195ae0,0x00000007be380000)
  to   space 77824K, 0% used [0x00000007b4b80000,0x00000007b4b80000,0x00000007b9780000)
 ParOldGen       total 183296K, used 110475K [0x0000000760000000, 0x000000076b300000, 0x00000007a0000000)
  object space 183296K, 60% used [0x0000000760000000,0x0000000766be2e98,0x000000076b300000)
 Metaspace       used 83352K, capacity 87394K, committed 87640K, reserved 1126400K
  class space    used 10567K, capacity 11526K, committed 11648K, reserved 1048576K
}
Event: 586.796 GC heap before
{Heap before GC invocations=28 (full 3):
 PSYoungGen      total 412160K, used 377430K [0x00000007a0000000, 0x00000007be380000, 0x00000007c0000000)
  eden space 339456K, 100% used [0x00000007a0000000,0x00000007b4b80000,0x00000007b4b80000)
  from space 72704K, 52% used [0x00000007b9c80000,0x00000007bc195ae0,0x00000007be380000)
  to   space 77824K, 0% used [0x00000007b4b80000,0x00000007b4b80000,0x00000007b9780000)
 ParOldGen       total 183296K, used 110475K [0x0000000760000000, 0x000000076b300000, 0x00000007a0000000)
  object space 183296K, 60% used [0x0000000760000000,0x0000000766be2e98,0x000000076b300000)
 Metaspace       used 83594K, capacity 87598K, committed 87896K, reserved 1126400K
  class space    used 10593K, capacity 11528K, committed 11648K, reserved 1048576K
Event: 586.889 GC heap after
Heap after GC invocations=28 (full 3):
 PSYoungGen      total 417280K, used 36130K [0x00000007a0000000, 0x00000007bfe00000, 0x00000007c0000000)
  eden space 339456K, 0% used [0x00000007a0000000,0x00000007a0000000,0x00000007b4b80000)
  from space 77824K, 46% used [0x00000007b4b80000,0x00000007b6ec8808,0x00000007b9780000)
  to   space 74240K, 0% used [0x00000007bb580000,0x00000007bb580000,0x00000007bfe00000)
 ParOldGen       total 183296K, used 118571K [0x0000000760000000, 0x000000076b300000, 0x00000007a0000000)
  object space 183296K, 64% used [0x0000000760000000,0x00000007673cafb8,0x000000076b300000)
 Metaspace       used 83594K, capacity 87598K, committed 87896K, reserved 1126400K
  class space    used 10593K, capacity 11528K, committed 11648K, reserved 1048576K
}
Event: 595.706 GC heap before
{Heap before GC invocations=29 (full 3):
 PSYoungGen      total 417280K, used 375586K [0x00000007a0000000, 0x00000007bfe00000, 0x00000007c0000000)
  eden space 339456K, 100% used [0x00000007a0000000,0x00000007b4b80000,0x00000007b4b80000)
  from space 77824K, 46% used [0x00000007b4b80000,0x00000007b6ec8808,0x00000007b9780000)
  to   space 74240K, 0% used [0x00000007bb580000,0x00000007bb580000,0x00000007bfe00000)
 ParOldGen       total 183296K, used 118571K [0x0000000760000000, 0x000000076b300000, 0x00000007a0000000)
  object space 183296K, 64% used [0x0000000760000000,0x00000007673cafb8,0x000000076b300000)
 Metaspace       used 84280K, capacity 88250K, committed 88408K, reserved 1126400K
  class space    used 10659K, capacity 11598K, committed 11648K, reserved 1048576K
Event: 595.774 GC heap after
Heap after GC invocations=29 (full 3):
 PSYoungGen      total 445952K, used 7649K [0x00000007a0000000, 0x00000007bfd80000, 0x00000007c0000000)
  eden space 372224K, 0% used [0x00000007a0000000,0x00000007a0000000,0x00000007b6b80000)
  from space 73728K, 10% used [0x00000007bb580000,0x00000007bbcf84c0,0x00000007bfd80000)
  to   space 74752K, 0% used [0x00000007b6b80000,0x00000007b6b80000,0x00000007bb480000)
 ParOldGen       total 183296K, used 120171K [0x0000000760000000, 0x000000076b300000, 0x00000007a0000000)
  object space 183296K, 65% used [0x0000000760000000,0x000000076755afb8,0x000000076b300000)
 Metaspace       used 84280K, capacity 88250K, committed 88408K, reserved 1126400K
  class space    used 10659K, capacity 11598K, committed 11648K, reserved 1048576K
}
Event: 601.894 GC heap before
{Heap before GC invocations=30 (full 3):
 PSYoungGen      total 445952K, used 379873K [0x00000007a0000000, 0x00000007bfd80000, 0x00000007c0000000)
  eden space 372224K, 100% used [0x00000007a0000000,0x00000007b6b80000,0x00000007b6b80000)
  from space 73728K, 10% used [0x00000007bb580000,0x00000007bbcf84c0,0x00000007bfd80000)
  to   space 74752K, 0% used [0x00000007b6b80000,0x00000007b6b80000,0x00000007bb480000)
 ParOldGen       total 183296K, used 120171K [0x0000000760000000, 0x000000076b300000, 0x00000007a0000000)
  object space 183296K, 65% used [0x0000000760000000,0x000000076755afb8,0x000000076b300000)
 Metaspace       used 85102K, capacity 89152K, committed 89304K, reserved 1126400K
  class space    used 10758K, capacity 11713K, committed 11776K, reserved 1048576K
Event: 601.914 GC heap after
Heap after GC invocations=30 (full 3):
 PSYoungGen      total 446976K, used 19152K [0x00000007a0000000, 0x00000007bfd00000, 0x00000007c0000000)
  eden space 372224K, 0% used [0x00000007a0000000,0x00000007a0000000,0x00000007b6b80000)
  from space 74752K, 25% used [0x00000007b6b80000,0x00000007b7e34120,0x00000007bb480000)
  to   space 72704K, 0% used [0x00000007bb600000,0x00000007bb600000,0x00000007bfd00000)
 ParOldGen       total 183296K, used 121075K [0x0000000760000000, 0x000000076b300000, 0x00000007a0000000)
  object space 183296K, 66% used [0x0000000760000000,0x000000076763cfb8,0x000000076b300000)
 Metaspace       used 85102K, capacity 89152K, committed 89304K, reserved 1126400K
  class space    used 10758K, capacity 11713K, committed 11776K, reserved 1048576K
}
Event: 602.647 GC heap before
{Heap before GC invocations=31 (full 3):
 PSYoungGen      total 446976K, used 390678K [0x00000007a0000000, 0x00000007bfd00000, 0x00000007c0000000)
  eden space 372224K, 99% used [0x00000007a0000000,0x00000007b6ad1ab8,0x00000007b6b80000)
  from space 74752K, 25% used [0x00000007b6b80000,0x00000007b7e34120,0x00000007bb480000)
  to   space 72704K, 0% used [0x00000007bb600000,0x00000007bb600000,0x00000007bfd00000)
 ParOldGen       total 183296K, used 121075K [0x0000000760000000, 0x000000076b300000, 0x00000007a0000000)
  object space 183296K, 66% used [0x0000000760000000,0x000000076763cfb8,0x000000076b300000)
 Metaspace       used 85159K, capacity 89152K, committed 89304K, reserved 1126400K
  class space    used 10758K, capacity 11713K, committed 11776K, reserved 1048576K
Event: 602.673 GC heap after
Heap after GC invocations=31 (full 3):
 PSYoungGen      total 447488K, used 15648K [0x00000007a0000000, 0x00000007bfb00000, 0x00000007c0000000)
  eden space 376832K, 0% used [0x00000007a0000000,0x00000007a0000000,0x00000007b7000000)
  from space 70656K, 22% used [0x00000007bb600000,0x00000007bc5481e0,0x00000007bfb00000)
  to   space 71168K, 0% used [0x00000007b7000000,0x00000007b7000000,0x00000007bb580000)
 ParOldGen       total 183296K, used 121083K [0x0000000760000000, 0x000000076b300000, 0x00000007a0000000)
  object space 183296K, 66% used [0x0000000760000000,0x000000076763efb8,0x000000076b300000)
 Metaspace       used 85159K, capacity 89152K, committed 89304K, reserved 1126400K
  class space    used 10758K, capacity 11713K, committed 11776K, reserved 1048576K
}

