# JRE version: OpenJDK Runtime Environment (8.0_112-b06) (build 1.8.0_112-release-b06)
# Java VM: OpenJDK 64-Bit Server VM (25.112-b06 mixed mode bsd-amd64 compressed oops)
Heap:
 PSYoungGen      total 277504K, used 260663K [0x00000007a0000000, 0x00000007b7b00000, 0x00000007c0000000)
  eden space 239616K, 100% used [0x00000007a0000000,0x00000007aea00000,0x00000007aea00000)
  from space 37888K, 55% used [0x00000007aea00000,0x00000007afe8dcf0,0x00000007b0f00000)
  to   space 37888K, 99% used [0x00000007b5600000,0x00000007b7afa5f0,0x00000007b7b00000)
 ParOldGen       total 310272K, used 210980K [0x0000000760000000, 0x0000000772f00000, 0x00000007a0000000)
  object space 310272K, 67% used [0x0000000760000000,0x000000076ce091a8,0x0000000772f00000)
 Metaspace       used 66659K, capacity 69068K, committed 69376K, reserved 1110016K
  class space    used 8472K, capacity 8907K, committed 8960K, reserved 1048576K
GC Heap History (10 events):
Event: 37.128 GC heap after
Heap after GC invocations=22 (full 3):
 PSYoungGen      total 189440K, used 16588K [0x00000007a0000000, 0x00000007afb00000, 0x00000007c0000000)
  eden space 165376K, 0% used [0x00000007a0000000,0x00000007a0000000,0x00000007aa180000)
  from space 24064K, 68% used [0x00000007aa180000,0x00000007ab1b3350,0x00000007ab900000)
  to   space 25088K, 0% used [0x00000007ae280000,0x00000007ae280000,0x00000007afb00000)
 ParOldGen       total 155648K, used 34816K [0x0000000760000000, 0x0000000769800000, 0x00000007a0000000)
  object space 155648K, 22% used [0x0000000760000000,0x0000000762200318,0x0000000769800000)
 Metaspace       used 61674K, capacity 63738K, committed 63872K, reserved 1103872K
  class space    used 8088K, capacity 8526K, committed 8576K, reserved 1048576K
}
Event: 39.757 GC heap before
{Heap before GC invocations=23 (full 3):
 PSYoungGen      total 189440K, used 181964K [0x00000007a0000000, 0x00000007afb00000, 0x00000007c0000000)
  eden space 165376K, 100% used [0x00000007a0000000,0x00000007aa180000,0x00000007aa180000)
  from space 24064K, 68% used [0x00000007aa180000,0x00000007ab1b3350,0x00000007ab900000)
  to   space 25088K, 0% used [0x00000007ae280000,0x00000007ae280000,0x00000007afb00000)
 ParOldGen       total 155648K, used 34816K [0x0000000760000000, 0x0000000769800000, 0x00000007a0000000)
  object space 155648K, 22% used [0x0000000760000000,0x0000000762200318,0x0000000769800000)
 Metaspace       used 62028K, capacity 64122K, committed 64384K, reserved 1105920K
  class space    used 8089K, capacity 8526K, committed 8576K, reserved 1048576K
Event: 39.797 GC heap after
Heap after GC invocations=23 (full 3):
 PSYoungGen      total 221696K, used 25083K [0x00000007a0000000, 0x00000007b0c80000, 0x00000007c0000000)
  eden space 196608K, 0% used [0x00000007a0000000,0x00000007a0000000,0x00000007ac000000)
  from space 25088K, 99% used [0x00000007ae280000,0x00000007afafeca0,0x00000007afb00000)
  to   space 35328K, 0% used [0x00000007ac000000,0x00000007ac000000,0x00000007ae280000)
 ParOldGen       total 155648K, used 50993K [0x0000000760000000, 0x0000000769800000, 0x00000007a0000000)
  object space 155648K, 32% used [0x0000000760000000,0x00000007631cc638,0x0000000769800000)
 Metaspace       used 62028K, capacity 64122K, committed 64384K, reserved 1105920K
  class space    used 8089K, capacity 8526K, committed 8576K, reserved 1048576K
}
Event: 42.884 GC heap before
{Heap before GC invocations=24 (full 3):
 PSYoungGen      total 221696K, used 221610K [0x00000007a0000000, 0x00000007b0c80000, 0x00000007c0000000)
  eden space 196608K, 99% used [0x00000007a0000000,0x00000007abfebd90,0x00000007ac000000)
  from space 25088K, 99% used [0x00000007ae280000,0x00000007afafeca0,0x00000007afb00000)
  to   space 35328K, 0% used [0x00000007ac000000,0x00000007ac000000,0x00000007ae280000)
 ParOldGen       total 155648K, used 50993K [0x0000000760000000, 0x0000000769800000, 0x00000007a0000000)
  object space 155648K, 32% used [0x0000000760000000,0x00000007631cc638,0x0000000769800000)
 Metaspace       used 63366K, capacity 65468K, committed 65536K, reserved 1105920K
  class space    used 8257K, capacity 8667K, committed 8704K, reserved 1048576K
Event: 42.934 GC heap after
Heap after GC invocations=24 (full 3):
 PSYoungGen      total 231936K, used 25308K [0x00000007a0000000, 0x00000007b3400000, 0x00000007c0000000)
  eden space 196608K, 0% used [0x00000007a0000000,0x00000007a0000000,0x00000007ac000000)
  from space 35328K, 71% used [0x00000007ac000000,0x00000007ad8b7130,0x00000007ae280000)
  to   space 37888K, 0% used [0x00000007b0f00000,0x00000007b0f00000,0x00000007b3400000)
 ParOldGen       total 155648K, used 51001K [0x0000000760000000, 0x0000000769800000, 0x00000007a0000000)
  object space 155648K, 32% used [0x0000000760000000,0x00000007631ce638,0x0000000769800000)
 Metaspace       used 63366K, capacity 65468K, committed 65536K, reserved 1105920K
  class space    used 8257K, capacity 8667K, committed 8704K, reserved 1048576K
}
Event: 43.050 GC heap before
{Heap before GC invocations=25 (full 3):
 PSYoungGen      total 231936K, used 221218K [0x00000007a0000000, 0x00000007b3400000, 0x00000007c0000000)
  eden space 196608K, 99% used [0x00000007a0000000,0x00000007abf51878,0x00000007ac000000)
  from space 35328K, 71% used [0x00000007ac000000,0x00000007ad8b7130,0x00000007ae280000)
  to   space 37888K, 0% used [0x00000007b0f00000,0x00000007b0f00000,0x00000007b3400000)
 ParOldGen       total 155648K, used 51001K [0x0000000760000000, 0x0000000769800000, 0x00000007a0000000)
  object space 155648K, 32% used [0x0000000760000000,0x00000007631ce638,0x0000000769800000)
 Metaspace       used 63367K, capacity 65468K, committed 65536K, reserved 1105920K
  class space    used 8257K, capacity 8667K, committed 8704K, reserved 1048576K
Event: 43.099 GC heap after
Heap after GC invocations=25 (full 3):
 PSYoungGen      total 277504K, used 20910K [0x00000007a0000000, 0x00000007b4800000, 0x00000007c0000000)
  eden space 239616K, 0% used [0x00000007a0000000,0x00000007a0000000,0x00000007aea00000)
  from space 37888K, 55% used [0x00000007b0f00000,0x00000007b236b828,0x00000007b3400000)
  to   space 37888K, 0% used [0x00000007aea00000,0x00000007aea00000,0x00000007b0f00000)
 ParOldGen       total 155648K, used 51001K [0x0000000760000000, 0x0000000769800000, 0x00000007a0000000)
  object space 155648K, 32% used [0x0000000760000000,0x00000007631ce638,0x0000000769800000)
 Metaspace       used 63367K, capacity 65468K, committed 65536K, reserved 1105920K
  class space    used 8257K, capacity 8667K, committed 8704K, reserved 1048576K
}
Event: 968.725 GC heap before
{Heap before GC invocations=26 (full 3):
 PSYoungGen      total 277504K, used 260526K [0x00000007a0000000, 0x00000007b4800000, 0x00000007c0000000)
  eden space 239616K, 100% used [0x00000007a0000000,0x00000007aea00000,0x00000007aea00000)
  from space 37888K, 55% used [0x00000007b0f00000,0x00000007b236b828,0x00000007b3400000)
  to   space 37888K, 0% used [0x00000007aea00000,0x00000007aea00000,0x00000007b0f00000)
 ParOldGen       total 155648K, used 51001K [0x0000000760000000, 0x0000000769800000, 0x00000007a0000000)
  object space 155648K, 32% used [0x0000000760000000,0x00000007631ce638,0x0000000769800000)
 Metaspace       used 66090K, capacity 68370K, committed 68608K, reserved 1110016K
  class space    used 8447K, capacity 8876K, committed 8960K, reserved 1048576K
Event: 968.773 GC heap after
Heap after GC invocations=26 (full 3):
 PSYoungGen      total 277504K, used 21047K [0x00000007a0000000, 0x00000007b7b00000, 0x00000007c0000000)
  eden space 239616K, 0% used [0x00000007a0000000,0x00000007a0000000,0x00000007aea00000)
  from space 37888K, 55% used [0x00000007aea00000,0x00000007afe8dcf0,0x00000007b0f00000)
  to   space 37888K, 0% used [0x00000007b5600000,0x00000007b5600000,0x00000007b7b00000)
 ParOldGen       total 155648K, used 51505K [0x0000000760000000, 0x0000000769800000, 0x00000007a0000000)
  object space 155648K, 33% used [0x0000000760000000,0x000000076324c638,0x0000000769800000)
 Metaspace       used 66090K, capacity 68370K, committed 68608K, reserved 1110016K
  class space    used 8447K, capacity 8876K, committed 8960K, reserved 1048576K
}
Event: 971.766 GC heap before
{Heap before GC invocations=27 (full 3):
 PSYoungGen      total 277504K, used 260663K [0x00000007a0000000, 0x00000007b7b00000, 0x00000007c0000000)
  eden space 239616K, 100% used [0x00000007a0000000,0x00000007aea00000,0x00000007aea00000)
  from space 37888K, 55% used [0x00000007aea00000,0x00000007afe8dcf0,0x00000007b0f00000)
  to   space 37888K, 0% used [0x00000007b5600000,0x00000007b5600000,0x00000007b7b00000)
 ParOldGen       total 155648K, used 51505K [0x0000000760000000, 0x0000000769800000, 0x00000007a0000000)
  object space 155648K, 33% used [0x0000000760000000,0x000000076324c638,0x0000000769800000)
 Metaspace       used 66659K, capacity 69068K, committed 69376K, reserved 1110016K
  class space    used 8472K, capacity 8907K, committed 8960K, reserved 1048576K

